<?xml version="1.0" encoding="UTF-8"?>
<!-- Generated by org.testng.reporters.JUnitReportReporter -->
<testsuite hostname="meenuz" failures="0" tests="2" name="com.practise.testNG.TestNGannotations" time="0.005" errors="0" timestamp="2024-03-25T23:21:45 CDT" skipped="0">
  <testcase classname="com.practise.testNG.TestNGannotations" name="test2" time="0.002"/>
  <testcase classname="com.practise.testNG.TestNGannotations" name="firsttest" time="0.003"/>
</testsuite> <!-- com.practise.testNG.TestNGannotations -->
