<?xml version="1.0" encoding="UTF-8"?>
<!-- Generated by org.testng.reporters.JUnitReportReporter -->
<testsuite hostname="meenuz" failures="0" tests="2" name="com.practise.testNG.testNGpractise" time="5.489" errors="0" timestamp="2024-03-25T23:21:45 CDT" skipped="0">
  <testcase classname="com.practise.testNG.testNGpractise" name="withoutusername" time="2.891"/>
  <testcase classname="com.practise.testNG.testNGpractise" name="login" time="2.598"/>
</testsuite> <!-- com.practise.testNG.testNGpractise -->
